# JRE version: Java(TM) SE Runtime Environment (8.0_161-b12) (build 1.8.0_161-b12)
# Java VM: Java HotSpot(TM) 64-Bit Server VM (25.161-b12 mixed mode windows-amd64 compressed oops)
Heap:
 PSYoungGen      total 189440K, used 171803K [0x00000000d5f00000, 0x00000000e6280000, 0x0000000100000000)
  eden space 173568K, 89% used [0x00000000d5f00000,0x00000000df74ec68,0x00000000e0880000)
  from space 15872K, 99% used [0x00000000e0880000,0x00000000e17f8028,0x00000000e1800000)
  to   space 18432K, 0% used [0x00000000e5080000,0x00000000e5080000,0x00000000e6280000)
 ParOldGen       total 87552K, used 22201K [0x0000000081c00000, 0x0000000087180000, 0x00000000d5f00000)
  object space 87552K, 25% used [0x0000000081c00000,0x00000000831ae5d0,0x0000000087180000)
 Metaspace       used 50863K, capacity 53002K, committed 53120K, reserved 1095680K
  class space    used 6858K, capacity 7247K, committed 7296K, reserved 1048576K
GC Heap History (10 events):
Event: 2.385 GC heap before
{Heap before GC invocations=7 (full 1):
 PSYoungGen      total 71680K, used 66560K [0x00000000d5f00000, 0x00000000df300000, 0x0000000100000000)
  eden space 66560K, 100% used [0x00000000d5f00000,0x00000000da000000,0x00000000da000000)
  from space 5120K, 0% used [0x00000000da000000,0x00000000da000000,0x00000000da500000)
  to   space 9216K, 0% used [0x00000000dea00000,0x00000000dea00000,0x00000000df300000)
 ParOldGen       total 54272K, used 6350K [0x0000000081c00000, 0x0000000085100000, 0x00000000d5f00000)
  object space 54272K, 11% used [0x0000000081c00000,0x0000000082233a50,0x0000000085100000)
 Metaspace       used 26121K, capacity 27018K, committed 27136K, reserved 1073152K
  class space    used 3525K, capacity 3748K, committed 3840K, reserved 1048576K
Event: 2.395 GC heap after
Heap after GC invocations=7 (full 1):
 PSYoungGen      total 119296K, used 9214K [0x00000000d5f00000, 0x00000000df300000, 0x0000000100000000)
  eden space 110080K, 0% used [0x00000000d5f00000,0x00000000d5f00000,0x00000000dca80000)
  from space 9216K, 99% used [0x00000000dea00000,0x00000000df2ff960,0x00000000df300000)
  to   space 10752K, 0% used [0x00000000dde00000,0x00000000dde00000,0x00000000de880000)
 ParOldGen       total 54272K, used 7093K [0x0000000081c00000, 0x0000000085100000, 0x00000000d5f00000)
  object space 54272K, 13% used [0x0000000081c00000,0x00000000822ed638,0x0000000085100000)
 Metaspace       used 26121K, capacity 27018K, committed 27136K, reserved 1073152K
  class space    used 3525K, capacity 3748K, committed 3840K, reserved 1048576K
}
Event: 3.428 GC heap before
{Heap before GC invocations=8 (full 1):
 PSYoungGen      total 119296K, used 119294K [0x00000000d5f00000, 0x00000000df300000, 0x0000000100000000)
  eden space 110080K, 100% used [0x00000000d5f00000,0x00000000dca80000,0x00000000dca80000)
  from space 9216K, 99% used [0x00000000dea00000,0x00000000df2ff960,0x00000000df300000)
  to   space 10752K, 0% used [0x00000000dde00000,0x00000000dde00000,0x00000000de880000)
 ParOldGen       total 54272K, used 7093K [0x0000000081c00000, 0x0000000085100000, 0x00000000d5f00000)
  object space 54272K, 13% used [0x0000000081c00000,0x00000000822ed638,0x0000000085100000)
 Metaspace       used 30130K, capacity 31450K, committed 31488K, reserved 1077248K
  class space    used 4062K, capacity 4338K, committed 4352K, reserved 1048576K
Event: 3.436 GC heap after
Heap after GC invocations=8 (full 1):
 PSYoungGen      total 140800K, used 10727K [0x00000000d5f00000, 0x00000000e2580000, 0x0000000100000000)
  eden space 130048K, 0% used [0x00000000d5f00000,0x00000000d5f00000,0x00000000dde00000)
  from space 10752K, 99% used [0x00000000dde00000,0x00000000de879e20,0x00000000de880000)
  to   space 13824K, 0% used [0x00000000e1800000,0x00000000e1800000,0x00000000e2580000)
 ParOldGen       total 54272K, used 10325K [0x0000000081c00000, 0x0000000085100000, 0x00000000d5f00000)
  object space 54272K, 19% used [0x0000000081c00000,0x00000000826157f0,0x0000000085100000)
 Metaspace       used 30130K, capacity 31450K, committed 31488K, reserved 1077248K
  class space    used 4062K, capacity 4338K, committed 4352K, reserved 1048576K
}
Event: 3.938 GC heap before
{Heap before GC invocations=9 (full 1):
 PSYoungGen      total 140800K, used 48159K [0x00000000d5f00000, 0x00000000e2580000, 0x0000000100000000)
  eden space 130048K, 28% used [0x00000000d5f00000,0x00000000d838de48,0x00000000dde00000)
  from space 10752K, 99% used [0x00000000dde00000,0x00000000de879e20,0x00000000de880000)
  to   space 13824K, 0% used [0x00000000e1800000,0x00000000e1800000,0x00000000e2580000)
 ParOldGen       total 54272K, used 10325K [0x0000000081c00000, 0x0000000085100000, 0x00000000d5f00000)
  object space 54272K, 19% used [0x0000000081c00000,0x00000000826157f0,0x0000000085100000)
 Metaspace       used 34132K, capacity 35474K, committed 35496K, reserved 1079296K
  class space    used 4575K, capacity 4864K, committed 4864K, reserved 1048576K
Event: 3.948 GC heap after
Heap after GC invocations=9 (full 1):
 PSYoungGen      total 187392K, used 13809K [0x00000000d5f00000, 0x00000000e4380000, 0x0000000100000000)
  eden space 173568K, 0% used [0x00000000d5f00000,0x00000000d5f00000,0x00000000e0880000)
  from space 13824K, 99% used [0x00000000e1800000,0x00000000e257c5e0,0x00000000e2580000)
  to   space 15872K, 0% used [0x00000000e0880000,0x00000000e0880000,0x00000000e1800000)
 ParOldGen       total 54272K, used 11265K [0x0000000081c00000, 0x0000000085100000, 0x00000000d5f00000)
  object space 54272K, 20% used [0x0000000081c00000,0x0000000082700580,0x0000000085100000)
 Metaspace       used 34132K, capacity 35474K, committed 35496K, reserved 1079296K
  class space    used 4575K, capacity 4864K, committed 4864K, reserved 1048576K
}
Event: 3.948 GC heap before
{Heap before GC invocations=10 (full 2):
 PSYoungGen      total 187392K, used 13809K [0x00000000d5f00000, 0x00000000e4380000, 0x0000000100000000)
  eden space 173568K, 0% used [0x00000000d5f00000,0x00000000d5f00000,0x00000000e0880000)
  from space 13824K, 99% used [0x00000000e1800000,0x00000000e257c5e0,0x00000000e2580000)
  to   space 15872K, 0% used [0x00000000e0880000,0x00000000e0880000,0x00000000e1800000)
 ParOldGen       total 54272K, used 11265K [0x0000000081c00000, 0x0000000085100000, 0x00000000d5f00000)
  object space 54272K, 20% used [0x0000000081c00000,0x0000000082700580,0x0000000085100000)
 Metaspace       used 34132K, capacity 35474K, committed 35496K, reserved 1079296K
  class space    used 4575K, capacity 4864K, committed 4864K, reserved 1048576K
Event: 4.000 GC heap after
Heap after GC invocations=10 (full 2):
 PSYoungGen      total 187392K, used 0K [0x00000000d5f00000, 0x00000000e4380000, 0x0000000100000000)
  eden space 173568K, 0% used [0x00000000d5f00000,0x00000000d5f00000,0x00000000e0880000)
  from space 13824K, 0% used [0x00000000e1800000,0x00000000e1800000,0x00000000e2580000)
  to   space 15872K, 0% used [0x00000000e0880000,0x00000000e0880000,0x00000000e1800000)
 ParOldGen       total 87552K, used 21126K [0x0000000081c00000, 0x0000000087180000, 0x00000000d5f00000)
  object space 87552K, 24% used [0x0000000081c00000,0x00000000830a19e0,0x0000000087180000)
 Metaspace       used 34132K, capacity 35474K, committed 35496K, reserved 1079296K
  class space    used 4575K, capacity 4864K, committed 4864K, reserved 1048576K
}
Event: 5.843 GC heap before
{Heap before GC invocations=11 (full 2):
 PSYoungGen      total 187392K, used 173568K [0x00000000d5f00000, 0x00000000e4380000, 0x0000000100000000)
  eden space 173568K, 100% used [0x00000000d5f00000,0x00000000e0880000,0x00000000e0880000)
  from space 13824K, 0% used [0x00000000e1800000,0x00000000e1800000,0x00000000e2580000)
  to   space 15872K, 0% used [0x00000000e0880000,0x00000000e0880000,0x00000000e1800000)
 ParOldGen       total 87552K, used 21126K [0x0000000081c00000, 0x0000000087180000, 0x00000000d5f00000)
  object space 87552K, 24% used [0x0000000081c00000,0x00000000830a19e0,0x0000000087180000)
 Metaspace       used 44892K, capacity 46744K, committed 46976K, reserved 1089536K
  class space    used 6099K, capacity 6461K, committed 6528K, reserved 1048576K
Event: 5.854 GC heap after
Heap after GC invocations=11 (full 2):
 PSYoungGen      total 189440K, used 15840K [0x00000000d5f00000, 0x00000000e6280000, 0x0000000100000000)
  eden space 173568K, 0% used [0x00000000d5f00000,0x00000000d5f00000,0x00000000e0880000)
  from space 15872K, 99% used [0x00000000e0880000,0x00000000e17f8028,0x00000000e1800000)
  to   space 18432K, 0% used [0x00000000e5080000,0x00000000e5080000,0x00000000e6280000)
 ParOldGen       total 87552K, used 22201K [0x0000000081c00000, 0x0000000087180000, 0x00000000d5f00000)
  object space 87552K, 25% used [0x0000000081c00000,0x00000000831ae5d0,0x0000000087180000)
 Metaspace       used 44892K, capacity 46744K, committed 46976K, reserved 1089536K
  class space    used 6099K, capacity 6461K, committed 6528K, reserved 1048576K
}

